This is pdfTeX, Version 3.14159265-2.6-1.40.18 (MiKTeX 2.9.6400 64-bit) (preloaded format=pdflatex 2017.9.11)  22 OCT 2017 11:00
entering extended mode
**./HW1b.tex
(HW1b.tex
LaTeX2e <2017-04-15>
Babel <3.12> and hyphenation patterns for 75 language(s) loaded.
(00PRELIMS.tex ("C:\Program Files\MiKTeX 2.9\tex\latex\base\fix-cm.sty"
Package: fix-cm 2015/01/14 v1.1t fixes to LaTeX

("C:\Program Files\MiKTeX 2.9\tex\latex\base\ts1enc.def"
File: ts1enc.def 2001/06/05 v3.0e (jk/car/fm) Standard LaTeX file
))
("C:\Program Files\MiKTeX 2.9\tex\latex\base\book.cls"
Document Class: book 2014/09/29 v1.4h Standard LaTeX document class
("C:\Program Files\MiKTeX 2.9\tex\latex\base\bk12.clo"
File: bk12.clo 2014/09/29 v1.4h Standard LaTeX file (size option)
)
\c@part=\count79
\c@chapter=\count80
\c@section=\count81
\c@subsection=\count82
\c@subsubsection=\count83
\c@paragraph=\count84
\c@subparagraph=\count85
\c@figure=\count86
\c@table=\count87
\abovecaptionskip=\skip41
\belowcaptionskip=\skip42
\bibindent=\dimen102
)
("C:\Program Files\MiKTeX 2.9\tex\latex\graphics\graphics.sty"
Package: graphics 2017/06/25 v1.2c Standard LaTeX Graphics (DPC,SPQR)

("C:\Program Files\MiKTeX 2.9\tex\latex\graphics\trig.sty"
Package: trig 2016/01/03 v1.10 sin cos tan (DPC)
)
("C:\Program Files\MiKTeX 2.9\tex\latex\graphics-cfg\graphics.cfg"
File: graphics.cfg 2016/06/04 v1.11 sample graphics configuration
)
Package graphics Info: Driver file: pdftex.def on input line 99.

("C:\Program Files\MiKTeX 2.9\tex\latex\graphics-def\pdftex.def"
File: pdftex.def 2017/06/24 v1.0g Graphics/color driver for pdftex
))
("C:\Program Files\MiKTeX 2.9\tex\latex\graphics\graphicx.sty"
Package: graphicx 2017/06/01 v1.1a Enhanced LaTeX Graphics (DPC,SPQR)

("C:\Program Files\MiKTeX 2.9\tex\latex\graphics\keyval.sty"
Package: keyval 2014/10/28 v1.15 key=value parser (DPC)
\KV@toks@=\toks14
)
\Gin@req@height=\dimen103
\Gin@req@width=\dimen104
)
("C:\Program Files\MiKTeX 2.9\tex\latex\graphics\epsfig.sty"
Package: epsfig 2017/06/25 v1.7b (e)psfig emulation (SPQR)
\epsfxsize=\dimen105
\epsfysize=\dimen106
)
("C:\Program Files\MiKTeX 2.9\tex\latex\graphics\color.sty"
Package: color 2016/07/10 v1.1e Standard LaTeX Color (DPC)

("C:\Program Files\MiKTeX 2.9\tex\latex\graphics-cfg\color.cfg"
File: color.cfg 2016/01/02 v1.6 sample color configuration
)
Package color Info: Driver file: pdftex.def on input line 147.

("C:\Program Files\MiKTeX 2.9\tex\latex\graphics\dvipsnam.def"
File: dvipsnam.def 2016/06/17 v3.0m Driver-dependent file (DPC,SPQR)
))
("C:\Program Files\MiKTeX 2.9\tex\latex\base\fontenc.sty"
Package: fontenc 2017/04/05 v2.0i Standard LaTeX package

("C:\Program Files\MiKTeX 2.9\tex\latex\base\t1enc.def"
File: t1enc.def 2017/04/05 v2.0i Standard LaTeX file
LaTeX Font Info:    Redeclaring font encoding T1 on input line 48.
))
("C:\Program Files\MiKTeX 2.9\tex\latex\iwona\iwona.sty"
Package: iwona 2005/10/03 v.1.2 Iwona package (MW)
)
("C:\Program Files\MiKTeX 2.9\tex\latex\oberdiek\stackrel.sty"
Package: stackrel 2016/05/16 v1.3 Adding subscript option to stackrel (HO)

("C:\Program Files\MiKTeX 2.9\tex\generic\oberdiek\etexcmds.sty"
Package: etexcmds 2016/05/16 v1.6 Avoid name clashes with e-TeX commands (HO)

("C:\Program Files\MiKTeX 2.9\tex\generic\oberdiek\infwarerr.sty"
Package: infwarerr 2016/05/16 v1.4 Providing info/warning/error messages (HO)
)
("C:\Program Files\MiKTeX 2.9\tex\generic\oberdiek\ifluatex.sty"
Package: ifluatex 2016/05/16 v1.4 Provides the ifluatex switch (HO)
Package ifluatex Info: LuaTeX not detected.
)
Package etexcmds Info: Could not find \expanded.
(etexcmds)             That can mean that you are not using pdfTeX 1.50 or
(etexcmds)             that some package has redefined \expanded.
(etexcmds)             In the latter case, load this package earlier.
)
("C:\Program Files\MiKTeX 2.9\tex\generic\oberdiek\pdftexcmds.sty"
Package: pdftexcmds 2017/03/19 v0.25 Utility functions of pdfTeX for LuaTeX (HO
)

("C:\Program Files\MiKTeX 2.9\tex\generic\oberdiek\ltxcmds.sty"
Package: ltxcmds 2016/05/16 v1.23 LaTeX kernel commands for general use (HO)
)
("C:\Program Files\MiKTeX 2.9\tex\generic\oberdiek\ifpdf.sty"
Package: ifpdf 2017/03/15 v3.2 Provides the ifpdf switch
)
Package pdftexcmds Info: LuaTeX not detected.
Package pdftexcmds Info: \pdf@primitive is available.
Package pdftexcmds Info: \pdf@ifprimitive is available.
Package pdftexcmds Info: \pdfdraftmode found.
))
("C:\Program Files\MiKTeX 2.9\tex\latex\truncate\truncate.sty"
Package: truncate 2001/08/20  ver 3.6
\@Trunc@RestHyph=\toks15
)
("C:\Program Files\MiKTeX 2.9\tex\latex\amsmath\amsmath.sty"
Package: amsmath 2017/09/02 v2.17a AMS math features
\@mathmargin=\skip43

For additional information on amsmath, use the `?' option.
("C:\Program Files\MiKTeX 2.9\tex\latex\amsmath\amstext.sty"
Package: amstext 2000/06/29 v2.01 AMS text

("C:\Program Files\MiKTeX 2.9\tex\latex\amsmath\amsgen.sty"
File: amsgen.sty 1999/11/30 v2.0 generic functions
\@emptytoks=\toks16
\ex@=\dimen107
))
("C:\Program Files\MiKTeX 2.9\tex\latex\amsmath\amsbsy.sty"
Package: amsbsy 1999/11/29 v1.2d Bold Symbols
\pmbraise@=\dimen108
)
("C:\Program Files\MiKTeX 2.9\tex\latex\amsmath\amsopn.sty"
Package: amsopn 2016/03/08 v2.02 operator names
)
\inf@bad=\count88
LaTeX Info: Redefining \frac on input line 213.
\uproot@=\count89
\leftroot@=\count90
LaTeX Info: Redefining \overline on input line 375.
\classnum@=\count91
\DOTSCASE@=\count92
LaTeX Info: Redefining \ldots on input line 472.
LaTeX Info: Redefining \dots on input line 475.
LaTeX Info: Redefining \cdots on input line 596.
\Mathstrutbox@=\box26
\strutbox@=\box27
\big@size=\dimen109
LaTeX Font Info:    Redeclaring font encoding OML on input line 712.
LaTeX Font Info:    Redeclaring font encoding OMS on input line 713.
\macc@depth=\count93
\c@MaxMatrixCols=\count94
\dotsspace@=\muskip10
\c@parentequation=\count95
\dspbrk@lvl=\count96
\tag@help=\toks17
\row@=\count97
\column@=\count98
\maxfields@=\count99
\andhelp@=\toks18
\eqnshift@=\dimen110
\alignsep@=\dimen111
\tagshift@=\dimen112
\tagwidth@=\dimen113
\totwidth@=\dimen114
\lineht@=\dimen115
\@envbody=\toks19
\multlinegap=\skip44
\multlinetaggap=\skip45
\mathdisplay@stack=\toks20
LaTeX Info: Redefining \[ on input line 2817.
LaTeX Info: Redefining \] on input line 2818.
)
("C:\Program Files\MiKTeX 2.9\tex\latex\amsfonts\amssymb.sty"
Package: amssymb 2013/01/14 v3.01 AMS font symbols

("C:\Program Files\MiKTeX 2.9\tex\latex\amsfonts\amsfonts.sty"
Package: amsfonts 2013/01/14 v3.01 Basic AMSFonts support
\symAMSa=\mathgroup4
\symAMSb=\mathgroup5
LaTeX Font Info:    Overwriting math alphabet `\mathfrak' in version `bold'
(Font)                  U/euf/m/n --> U/euf/b/n on input line 106.
))
("C:\Program Files\MiKTeX 2.9\tex\latex\stmaryrd\stmaryrd.sty"
Package: stmaryrd 1994/03/03 St Mary's Road symbol package
\symstmry=\mathgroup6
LaTeX Font Info:    Overwriting symbol font `stmry' in version `bold'
(Font)                  U/stmry/m/n --> U/stmry/b/n on input line 89.
)
("C:\Program Files\MiKTeX 2.9\tex\latex\caption\caption.sty"
Package: caption 2016/02/21 v3.3-144 Customizing captions (AR)

("C:\Program Files\MiKTeX 2.9\tex\latex\caption\caption3.sty"
Package: caption3 2016/05/22 v1.7-166 caption3 kernel (AR)
Package caption3 Info: TeX engine: e-TeX on input line 67.
\captionmargin=\dimen116
\captionmargin@=\dimen117
\captionwidth=\dimen118
\caption@tempdima=\dimen119
\caption@indent=\dimen120
\caption@parindent=\dimen121
\caption@hangindent=\dimen122
)
\c@ContinuedFloat=\count100
)
("C:\Program Files\MiKTeX 2.9\tex\latex\subfigure\subfigure.sty"
Package: subfigure 2002/07/30 v2.1.4 subfigure package
\subfigtopskip=\skip46
\subfigcapskip=\skip47
\subfigcaptopadj=\dimen123
\subfigbottomskip=\skip48
\subfigcapmargin=\dimen124
\subfiglabelskip=\skip49
\c@subfigure=\count101
\c@lofdepth=\count102
\c@subtable=\count103
\c@lotdepth=\count104

****************************************
* Local config file subfigure.cfg used *
****************************************
("C:\Program Files\MiKTeX 2.9\tex\latex\subfigure\subfigure.cfg")
\subfig@top=\skip50
\subfig@bottom=\skip51
)
("C:\Program Files\MiKTeX 2.9\tex\generic\xypic\xy.sty"
("C:\Program Files\MiKTeX 2.9\tex\generic\xypic\xy.tex" Bootstrap'ing:
catcodes, docmode, ("C:\Program Files\MiKTeX 2.9\tex\generic\xypic\xyrecat.tex"
) ("C:\Program Files\MiKTeX 2.9\tex\generic\xypic\xyidioms.tex")

 Xy-pic version 3.8.9 <2013/10/06>
 Copyright (c) 1991-2013 by Kristoffer H. Rose <krisrose@tug.org> and others
 Xy-pic is free software: see the User's Guide for details.

Loading kernel: messages; fonts; allocations: state,
\X@c=\dimen125
\Y@c=\dimen126
\U@c=\dimen127
\D@c=\dimen128
\L@c=\dimen129
\R@c=\dimen130
\Edge@c=\toks21
\X@p=\dimen131
\Y@p=\dimen132
\U@p=\dimen133
\D@p=\dimen134
\L@p=\dimen135
\R@p=\dimen136
\Edge@p=\toks22
\X@origin=\dimen137
\Y@origin=\dimen138
\X@xbase=\dimen139
\Y@xbase=\dimen140
\X@ybase=\dimen141
\Y@ybase=\dimen142
\X@min=\dimen143
\Y@min=\dimen144
\X@max=\dimen145
\Y@max=\dimen146
\lastobjectbox@=\box28
\zerodotbox@=\box29
\almostz@=\dimen147
 direction,
\d@X=\dimen148
\d@Y=\dimen149
\K@=\count105
\KK@=\count106
\Direction=\count107
\K@dXdY=\dimen150
\K@dYdX=\dimen151
\xyread@=\read1
\xywrite@=\write3
\csp@=\count108
\quotPTK@=\dimen152

utility macros; pictures: \xy, positions,
\swaptoks@@=\toks23
\connectobjectbox@@=\box30
 objects,
\styletoks@=\toks24
 decorations;
kernel objects: directionals, circles, text; options; algorithms: directions,
edges, connections;  Xy-pic loaded)
Package: xy 2013/10/06 Xy-pic version 3.8.9

("C:\Program Files\MiKTeX 2.9\tex\generic\xypic\xypdf.tex"
 Xy-pic option: PDF driver v.1.7 loaded)
("C:\Program Files\MiKTeX 2.9\tex\generic\xypic\xyall.tex"
 Xy-pic option: All features v.3.8
("C:\Program Files\MiKTeX 2.9\tex\generic\xypic\xycurve.tex"
 Xy-pic option: Curve and Spline extension v.3.12 curve,
\crv@cnt@=\count109
\crvpts@=\toks25
\splinebox@=\box31
\splineval@=\dimen153
\splinedepth@=\dimen154
\splinetol@=\dimen155
\splinelength@=\dimen156
 circles,
\L@=\dimen157
 loaded)
Xy-pic pdf driver: `curve' extension support
("C:\Program Files\MiKTeX 2.9\tex\generic\xypic\xypdf-cu.tex" loaded)
("C:\Program Files\MiKTeX 2.9\tex\generic\xypic\xyframe.tex"
 Xy-pic option: Frame and Bracket extension v.3.14 loaded)
Xy-pic pdf driver: `frame' extension support
("C:\Program Files\MiKTeX 2.9\tex\generic\xypic\xypdf-fr.tex" loaded)
("C:\Program Files\MiKTeX 2.9\tex\generic\xypic\xycmtip.tex"
 Xy-pic option: Computer Modern tip extension v.3.7
("C:\Program Files\MiKTeX 2.9\tex\generic\xypic\xytips.tex"
 Xy-pic option: More Tips extension v.3.11 loaded) loaded)
("C:\Program Files\MiKTeX 2.9\tex\generic\xypic\xyline.tex"
 Xy-pic option: Line styles extension v.3.10
\xylinethick@=\dimen158
 loaded)
Xy-pic pdf driver: `line' extension support
("C:\Program Files\MiKTeX 2.9\tex\generic\xypic\xypdf-li.tex" loaded)
("C:\Program Files\MiKTeX 2.9\tex\generic\xypic\xyrotate.tex"
 Xy-pic option: Rotate and Scale extension v.3.8 loaded)
Xy-pic pdf driver: `rotate' extension support
("C:\Program Files\MiKTeX 2.9\tex\generic\xypic\xypdf-ro.tex" loaded)
("C:\Program Files\MiKTeX 2.9\tex\generic\xypic\xycolor.tex"
 Xy-pic option: Colour extension v.3.11 loaded)
Xy-pic pdf driver: `color' extension support
("C:\Program Files\MiKTeX 2.9\tex\generic\xypic\xypdf-co.tex" loaded)
("C:\Program Files\MiKTeX 2.9\tex\generic\xypic\xymatrix.tex"
 Xy-pic option: Matrix feature v.3.14
\Row=\count110
\Col=\count111
\queue@=\toks26
\queue@@=\toks27
\qcount@=\count112
\qcount@@=\count113
\matrixsize@=\count114
 loaded)
("C:\Program Files\MiKTeX 2.9\tex\generic\xypic\xyarrow.tex"
 Xy-pic option: Arrow and Path feature v.3.9 path, \ar, loaded)
("C:\Program Files\MiKTeX 2.9\tex\generic\xypic\xygraph.tex"
 Xy-pic option: Graph feature v.3.11 loaded) loaded))
("C:\Program Files\MiKTeX 2.9\tex\latex\tools\calc.sty"
Package: calc 2014/10/28 v4.3 Infix arithmetic (KKT,FJ)
\calc@Acount=\count115
\calc@Bcount=\count116
\calc@Adimen=\dimen159
\calc@Bdimen=\dimen160
\calc@Askip=\skip52
\calc@Bskip=\skip53
LaTeX Info: Redefining \setlength on input line 80.
LaTeX Info: Redefining \addtolength on input line 81.
\calc@Ccount=\count117
\calc@Cskip=\skip54
)
("C:\Program Files\MiKTeX 2.9\tex\latex\float\float.sty"
Package: float 2001/11/08 v1.3d Float enhancements (AL)
\c@float@type=\count118
\float@exts=\toks28
\float@box=\box32
\@float@everytoks=\toks29
\@floatcapt=\box33
)
("C:\Program Files\MiKTeX 2.9\tex\latex\ulem\ulem.sty"
\UL@box=\box34
\UL@hyphenbox=\box35
\UL@skip=\skip55
\UL@hook=\toks30
\UL@height=\dimen161
\UL@pe=\count119
\UL@pixel=\dimen162
\ULC@box=\box36
Package: ulem 2012/05/18
\ULdepth=\dimen163
)
("C:\Program Files\MiKTeX 2.9\tex\latex\xcolor\xcolor.sty"
Package: xcolor 2016/05/11 v2.12 LaTeX color extensions (UK)

("C:\Program Files\MiKTeX 2.9\tex\latex\graphics-cfg\color.cfg"
File: color.cfg 2016/01/02 v1.6 sample color configuration
)
Package xcolor Info: Package option `usenames' ignored on input line 216.
Package xcolor Info: Driver file: pdftex.def on input line 225.
LaTeX Info: Redefining \color on input line 709.
Package xcolor Info: Model `cmy' substituted by `cmy0' on input line 1348.
Package xcolor Info: Model `hsb' substituted by `rgb' on input line 1352.
Package xcolor Info: Model `RGB' extended on input line 1364.
Package xcolor Info: Model `HTML' substituted by `rgb' on input line 1366.
Package xcolor Info: Model `Hsb' substituted by `hsb' on input line 1367.
Package xcolor Info: Model `tHsb' substituted by `hsb' on input line 1368.
Package xcolor Info: Model `HSB' substituted by `hsb' on input line 1369.
Package xcolor Info: Model `Gray' substituted by `gray' on input line 1370.
Package xcolor Info: Model `wave' substituted by `hsb' on input line 1371.

("C:\Program Files\MiKTeX 2.9\tex\latex\graphics\dvipsnam.def"
File: dvipsnam.def 2016/06/17 v3.0m Driver-dependent file (DPC,SPQR)
))
("C:\Program Files\MiKTeX 2.9\tex\latex\soul\soul.sty"
Package: soul 2003/11/17 v2.4 letterspacing/underlining (mf)
\SOUL@word=\toks31
\SOUL@lasttoken=\toks32
\SOUL@cmds=\toks33
\SOUL@buffer=\toks34
\SOUL@token=\toks35
\SOUL@spaceskip=\skip56
\SOUL@ttwidth=\dimen164
\SOUL@uldp=\dimen165
\SOUL@ulht=\dimen166
)
("C:\Program Files\MiKTeX 2.9\tex\latex\graphics\rotating.sty"
Package: rotating 2016/08/11 v2.16d rotated objects in LaTeX

("C:\Program Files\MiKTeX 2.9\tex\latex\base\ifthen.sty"
Package: ifthen 2014/09/29 v1.1c Standard LaTeX ifthen package (DPC)
)
\c@r@tfl@t=\count120
\rotFPtop=\skip57
\rotFPbot=\skip58
\rot@float@box=\box37
\rot@mess@toks=\toks36
)
("C:\Program Files\MiKTeX 2.9\tex\latex\anyfontsize\anyfontsize.sty"
Package: anyfontsize 2007/11/22 anyfontsize.sty by pts
)
("C:\Program Files\MiKTeX 2.9\tex\latex\sidecap\sidecap.sty"
Package: sidecap 2003/06/06 v1.6f SideCap Package (RN/HjG)
\SC@BOXWD=\dimen167
\SC@CAPWD=\dimen168
\SC@tempdima=\dimen169
\SC@tempdimb=\dimen170
\c@SC@C=\count121
\SC@BOX=\box38
)
("C:\Program Files\MiKTeX 2.9\tex\latex\base\latexsym.sty"
Package: latexsym 1998/08/17 v2.2e Standard LaTeX package (lasy symbols)
\symlasy=\mathgroup7
LaTeX Font Info:    Overwriting symbol font `lasy' in version `bold'
(Font)                  U/lasy/m/n --> U/lasy/b/n on input line 52.
)
("C:\Program Files\MiKTeX 2.9\tex\latex\mathalfa\mathalfa.sty"
Package: mathalfa 2017/02/23 - 1.09mathalfa (License LPPL) Michael Sharpe

("C:\Program Files\MiKTeX 2.9\tex\latex\xkeyval\xkeyval.sty"
Package: xkeyval 2014/12/03 v2.7a package option processing (HA)

("C:\Program Files\MiKTeX 2.9\tex\generic\xkeyval\xkeyval.tex"
("C:\Program Files\MiKTeX 2.9\tex\generic\xkeyval\xkvutils.tex"
\XKV@toks=\toks37
\XKV@tempa@toks=\toks38
)
\XKV@depth=\count122
File: xkeyval.tex 2014/12/03 v2.7a key=value parser (HA)
))
LaTeX Font Info:    Overwriting math alphabet `\mathscr' in version `bold'
(Font)                  U/BOONDOX-scro/m/n --> U/BOONDOX-scro/b/n on input line
 500.
)
("C:\Program Files\MiKTeX 2.9\tex\latex\oberdiek\epstopdf.sty"
Package: epstopdf 2016/05/15 v2.6 Conversion with epstopdf on the fly (HO)

("C:\Program Files\MiKTeX 2.9\tex\latex\oberdiek\epstopdf-base.sty"
Package: epstopdf-base 2016/05/15 v2.6 Base part for package epstopdf

("C:\Program Files\MiKTeX 2.9\tex\latex\oberdiek\grfext.sty"
Package: grfext 2016/05/16 v1.2 Manage graphics extensions (HO)

("C:\Program Files\MiKTeX 2.9\tex\generic\oberdiek\kvdefinekeys.sty"
Package: kvdefinekeys 2016/05/16 v1.4 Define keys (HO)
))
("C:\Program Files\MiKTeX 2.9\tex\latex\oberdiek\kvoptions.sty"
Package: kvoptions 2016/05/16 v3.12 Key value format for package options (HO)

("C:\Program Files\MiKTeX 2.9\tex\generic\oberdiek\kvsetkeys.sty"
Package: kvsetkeys 2016/05/16 v1.17 Key value parser (HO)
))
Package epstopdf-base Info: Redefining graphics rule for `.eps' on input line 4
38.
Package grfext Info: Graphics extension search list:
(grfext)             [.pdf,.png,.jpg,.mps,.jpeg,.jbig2,.jb2,.PDF,.PNG,.JPG,.JPE
G,.JBIG2,.JB2,.eps]
(grfext)             \AppendGraphicsExtensions on input line 456.
))
(C:\Users\nickg\AppData\Roaming\MiKTeX\2.9\tex\latex\listings\listings.sty
\lst@mode=\count123
\lst@gtempboxa=\box39
\lst@token=\toks39
\lst@length=\count124
\lst@currlwidth=\dimen171
\lst@column=\count125
\lst@pos=\count126
\lst@lostspace=\dimen172
\lst@width=\dimen173
\lst@newlines=\count127
\lst@lineno=\count128
\lst@maxwidth=\dimen174

(C:\Users\nickg\AppData\Roaming\MiKTeX\2.9\tex\latex\listings\lstmisc.sty
File: lstmisc.sty 2015/06/04 1.6 (Carsten Heinz)
\c@lstnumber=\count129
\lst@skipnumbers=\count130
\lst@framebox=\box40
)
(C:\Users\nickg\AppData\Roaming\MiKTeX\2.9\tex\latex\listings\listings.cfg
File: listings.cfg 2015/06/04 1.6 listings configuration
))
Package: listings 2015/06/04 1.6 (Carsten Heinz)

("C:\Program Files\MiKTeX 2.9\tex\latex\fancyhdr\fancyhdr.sty"
Package: fancyhdr 2017/06/30 v3.9a Extensive control of page headers and footer
s
\f@nch@headwidth=\skip59
\f@nch@O@elh=\skip60
\f@nch@O@erh=\skip61
\f@nch@O@olh=\skip62
\f@nch@O@orh=\skip63
\f@nch@O@elf=\skip64
\f@nch@O@erf=\skip65
\f@nch@O@olf=\skip66
\f@nch@O@orf=\skip67
)
\humongous=\skip68

("C:\Program Files\MiKTeX 2.9\tex\latex\base\makeidx.sty"
Package: makeidx 2014/09/29 v1.0m Standard LaTeX package
)
("C:\Program Files\MiKTeX 2.9\tex\generic\epsf\epsf.tex"
This is `epsf.tex' v2.7.4 <14 February 2011>
\epsffilein=\read2
\epsfframemargin=\dimen175
\epsfframethickness=\dimen176
\epsfrsize=\dimen177
\epsftmp=\dimen178
\epsftsize=\dimen179
\epsfxsize=\dimen180
\epsfysize=\dimen181
\pspoints=\dimen182
)
\contindent=\skip69
\HHSIZE=\skip70
\hHSIZE=\skip71
\vZQOo=\skip72
\vZQOe=\skip73
\vZQOp=\skip74
\ZQOo=\skip75
\ZQOe=\skip76
\ZQOp=\skip77
 COMMENTComment to show fig file names, and then RUN silently
Comment to show fig file names, and run silently
Comment to show fig file names, and run silently
Comment to show fig file names, and run silently
Comment to show fig file names, and run silently
Comment to show fig file names, and run silently
UNCOMMENT THIS FOR SCROLLING |  UNCOMMENT THIS FOR SCROLLING | 
UNCOMMENT THIS FOR SCROLLING |  UNCOMMENT THIS FOR SCROLLING | 
UNCOMMENT THIS FOR SCROLLING |  UNCOMMENT THIS FOR SCROLLING | 
UNCOMMENT THIS FOR SCROLLING \ | /
UNCOMMENT THIS FOR SCROLLING \delimiter "026B30D / 
UNCOMMENT THIS FOR SCROLLING V  UNCOMMENT THIS FOR SCROLLING | 
UNCOMMENT THIS FOR SCROLLING /|\  UNCOMMENT THIS FOR SCROLLING / | \ 
UNCOMMENT THIS FOR SCROLLING |  UNCOMMENT THIS FOR no red | 
UNCOMMENT THIS FOR no red /|\  UNCOMMENT THIS FOR no red / | \ 
UnCOMMENT THIS FOR no red |  UnCOMMENT THIS FOR no red | 
UnCOMMENT THIS FOR no red |  UnCOMMENT THIS FOR no red | 
\templength=\skip78
\templengthp=\skip79
 (zrogram.tex
\RAISER=\skip80
\kraise=\skip81
\craise=\skip82
\pyind=\skip83
\Cyind=\skip84
\pyindconst=\skip85
\Pparskip=\skip86
\Lapsize=\skip87
\MTsize=\skip88
\MMTsize=\skip89
LaTeX Font Info:    Try loading font information for T1+iwonalc on input line 1
99.

("C:\Program Files\MiKTeX 2.9\tex\latex\iwona\t1iwonalc.fd"
File: t1iwonalc.fd 2008/07/22 v0.995 font definition file for T1/iwonalc (MW)
)
\gappy=\skip90
\tabby=\skip91
\tabbyA=\skip92
\tabbyB=\skip93
\tabbyC=\skip94
\tabbyD=\skip95
\tabbyE=\skip96
\Cind=\skip97
\cabby=\skip98
\Offset=\skip99
\Plen=\skip100
\Clength=\skip101
\Plength=\skip102
\zeroem=\skip103
\CClength=\skip104
\ClengthA=\skip105
\ClengthB=\skip106
\ClengthC=\skip107
\ClengthD=\skip108
\ClengthE=\skip109
\xAAA=\skip110
\xBBB=\skip111
\xCCC=\skip112
\xDDD=\skip113
\xEEE=\skip114
\xFFF=\skip115
\xGGG=\skip116
\xHHH=\skip117
\c@PageFW=\count131
\c@linenumb=\count132
\c@linenumbA=\count133
\c@linenumbB=\count134
\c@linenumbC=\count135
\c@linenumbD=\count136
\c@linenumbE=\count137
\c@lilinenumb=\count138
\c@AAA=\count139
\c@BBB=\count140
\Distance=\skip118

cludge rather than widthof{then}-widthof{else}
\c@theorem=\count141
\jsize=\skip119
\c@exercise=\count142
\c@sticks=\count143
)
\@indexfile=\write4
\openout4 = `HW1b.idx'.


Writing index file HW1b.idx
\stubyl=\skip120
\tubyl=\skip121
\tubtubyl=\skip122

LaTeX Warning: Unused global option(s):
    [makeidx].

(HW1b.aux)
\openout1 = `HW1b.aux'.

LaTeX Font Info:    Checking defaults for OML/cmm/m/it on input line 271.
LaTeX Font Info:    ... okay on input line 271.
LaTeX Font Info:    Checking defaults for T1/cmr/m/n on input line 271.
LaTeX Font Info:    ... okay on input line 271.
LaTeX Font Info:    Checking defaults for OT1/cmr/m/n on input line 271.
LaTeX Font Info:    ... okay on input line 271.
LaTeX Font Info:    Checking defaults for OMS/cmsy/m/n on input line 271.
LaTeX Font Info:    ... okay on input line 271.
LaTeX Font Info:    Checking defaults for OMX/cmex/m/n on input line 271.
LaTeX Font Info:    ... okay on input line 271.
LaTeX Font Info:    Checking defaults for U/cmr/m/n on input line 271.
LaTeX Font Info:    ... okay on input line 271.
LaTeX Font Info:    Checking defaults for TS1/cmr/m/n on input line 271.
LaTeX Font Info:    ... okay on input line 271.
 ("C:\Program Files\MiKTeX 2.9\tex\context\base\supp-pdf.mkii"
[Loading MPS to PDF converter (version 2006.09.02).]
\scratchcounter=\count144
\scratchdimen=\dimen183
\scratchbox=\box41
\nofMPsegments=\count145
\nofMParguments=\count146
\everyMPshowfont=\toks40
\MPscratchCnt=\count147
\MPscratchDim=\dimen184
\MPnumerator=\count148
\makeMPintoPDFobject=\count149
\everyMPtoPDFconversion=\toks41
)
Package caption Info: Begin \AtBeginDocument code.
Package caption Info: float package is loaded.
Package caption Info: listings package is loaded.
Package caption Info: rotating package is loaded.
Package caption Info: sidecap package is loaded.
Package caption Info: subfigure package is loaded.
Package caption Info: End \AtBeginDocument code.
LaTeX Font Info:    Try loading font information for U+msa on input line 271.
 ("C:\Program Files\MiKTeX 2.9\tex\latex\amsfonts\umsa.fd"
File: umsa.fd 2013/01/14 v3.01 AMS symbols A
)
LaTeX Font Info:    Try loading font information for U+msb on input line 271.

("C:\Program Files\MiKTeX 2.9\tex\latex\amsfonts\umsb.fd"
File: umsb.fd 2013/01/14 v3.01 AMS symbols B
)
LaTeX Font Info:    Try loading font information for U+stmry on input line 271.


("C:\Program Files\MiKTeX 2.9\tex\latex\stmaryrd\ustmry.fd")
Package xypdf Info: Line width: 0.47998pt on input line 271.

("C:\Program Files\MiKTeX 2.9\tex\latex\ms\ragged2e.sty"
Package: ragged2e 2009/05/21 v2.1 ragged2e Package (MS)

("C:\Program Files\MiKTeX 2.9\tex\latex\ms\everysel.sty"
Package: everysel 2011/10/28 v1.2 EverySelectfont Package (MS)

ABD: EverySelectfont initializing macros
LaTeX Info: Redefining \selectfont on input line 126.
)
\CenteringLeftskip=\skip123
\RaggedLeftLeftskip=\skip124
\RaggedRightLeftskip=\skip125
\CenteringRightskip=\skip126
\RaggedLeftRightskip=\skip127
\RaggedRightRightskip=\skip128
\CenteringParfillskip=\skip129
\RaggedLeftParfillskip=\skip130
\RaggedRightParfillskip=\skip131
\JustifyingParfillskip=\skip132
\CenteringParindent=\skip133
\RaggedLeftParindent=\skip134
\RaggedRightParindent=\skip135
\JustifyingParindent=\skip136
)
\c@lstlisting=\count150
) [1


{C:/Users/nickg/AppData/Local/MiKTeX/2.9/pdftex/config/pdftex.map}]

Package Fancyhdr Warning: \headheight is too small (14.5pt): 
 Make it at least 27.33401pt.
 We now make it that large for the rest of the document.
 This may cause the page layout to be inconsistent, however.

[2]

Package Fancyhdr Warning: \headheight is too small (14.5pt): 
 Make it at least 27.33401pt.
 We now make it that large for the rest of the document.
 This may cause the page layout to be inconsistent, however.

[3]
Overfull \hbox (61.30463pt too wide) in paragraph at lines 90--120
\T1/iwonalc/m/n/12 0.007220399540777785, 0.001458158012974921, 0.00451416380989
5409, 0.0025470675811623193, 0.007645976702987763,
 []


Overfull \hbox (66.84862pt too wide) in paragraph at lines 90--120
\T1/iwonalc/m/n/12 0.0056998568853601226, 0.001447776560271939, 0.0006282182854
0804, 0.0016925099712359604, 0.0015558302348159594,
 []


Overfull \hbox (61.30463pt too wide) in paragraph at lines 90--120
\T1/iwonalc/m/n/12 0.0036704281682482867, 0.007762013907444149, 0.0113930599366
09143, 0.003957885769342937, 0.003448373626050166,
 []


Overfull \hbox (71.30061pt too wide) in paragraph at lines 90--120
\T1/iwonalc/m/n/12 0.005627906861617555, 1.2873206242663298e-05, 0.003932823180
455633, 0.0004683767894688873, 0.017635351218159713,
 []


Overfull \hbox (72.39261pt too wide) in paragraph at lines 90--120
\T1/iwonalc/m/n/12 0.0003373378410329885, 0.005811071235880706, 0.0131783340597
35059, 0.0012779331255776349, 0.0006645962107067595,
 []


Overfull \hbox (61.30463pt too wide) in paragraph at lines 90--120
\T1/iwonalc/m/n/12 0.0015767198000916287, 0.003957413588799256, 0.0083294682845
1426, 0.010620947657312682, 0.0035878340588376134,
 []


Overfull \hbox (55.76064pt too wide) in paragraph at lines 90--120
\T1/iwonalc/m/n/12 0.011295990280471777, 0.004203419419226402, 0.00450642987443
2169, 0.0038258537982153226, 0.00099297659124838,
 []


Overfull \hbox (50.21664pt too wide) in paragraph at lines 90--120
\T1/iwonalc/m/n/12 0.014734049276213456, 0.00470856435815141, 0.004760950088637
357, 0.013439661776275624, 0.011254808593349966,
 []


Overfull \hbox (72.39261pt too wide) in paragraph at lines 90--120
\T1/iwonalc/m/n/12 0.00016098655704064333, 0.00836061357394578, 0.0044952824089
14241, 0.0058233407122664825, 0.0008716450508044391,
 []


Overfull \hbox (66.84862pt too wide) in paragraph at lines 90--120
\T1/iwonalc/m/n/12 0.005683511941402061, 0.005275452491098133, 0.00161527073377
99806, 0.004480270653217086, 0.0010243651887016656,
 []


Overfull \hbox (55.76064pt too wide) in paragraph at lines 90--120
\T1/iwonalc/m/n/12 0.00778061358334748, 0.008060652268838652, 0.009797148139458
797, 0.00019260728664484124, 0.01831825816194204,
 []


Overfull \hbox (55.76064pt too wide) in paragraph at lines 90--120
\T1/iwonalc/m/n/12 0.002187219207918204, 0.0010384723973513846, 0.0133144591935
63813, 0.005026110896051008, 0.00830123151547311,
 []


Overfull \hbox (72.39261pt too wide) in paragraph at lines 90--120
\T1/iwonalc/m/n/12 0.017618224428902995, 0.0029013717911391106, 0.0054916622856
69024, 0.0011728324420767634, 0.0030171957227266544,
 []


Overfull \hbox (55.76064pt too wide) in paragraph at lines 90--120
\T1/iwonalc/m/n/12 0.004512725615014582, 0.01082740045096469, 0.000572924733023
655, 0.005167008825227354, 0.0010221609810058924,
 []


Overfull \hbox (77.9366pt too wide) in paragraph at lines 90--120
\T1/iwonalc/m/n/12 0.0010238876530531992, 0.0006857125530285556, 0.002537888698
7296096, 0.002744228336689196, 0.0003792371121960327,
 []


Overfull \hbox (61.30463pt too wide) in paragraph at lines 90--120
\T1/iwonalc/m/n/12 0.005604068030589023, 0.002106667023245244, 0.00850744868451
4562, 0.002268744624678239, 0.0020790393391657645,
 []


Overfull \hbox (72.39261pt too wide) in paragraph at lines 90--120
\T1/iwonalc/m/n/12 0.003507866744739469, 0.0016036278046540875, 0.0016561229655
421702, 0.016732342017119487, 0.0019012303025185936,
 []


Overfull \hbox (89.02458pt too wide) in paragraph at lines 90--120
\T1/iwonalc/m/n/12 0.0021879996562330062, 0.0005554950311005988, 0.001436739689
3093607, 0.00038175959938056906, 0.0033678605569252024,
 []


Overfull \hbox (71.30061pt too wide) in paragraph at lines 90--120
\T1/iwonalc/m/n/12 2.3238360800646382e-05, 0.004986176948344183, 0.003337145305
691012, 0.004056317717571565, 0.0027681880068213633,
 []


Package Fancyhdr Warning: \headheight is too small (14.5pt): 
 Make it at least 27.33401pt.
 We now make it that large for the rest of the document.
 This may cause the page layout to be inconsistent, however.

[4]
<images/elbow01.png, id=18, 596.98032pt x 511.15968pt>
File: images/elbow01.png Graphic file (type png)
<use images/elbow01.png>
Package pdftex.def Info: images/elbow01.png  used on input line 130. on input l
ine 130.
Package pdftex.def Info: Requested size: 394.00822pt x 337.36642pt on input lin
e 130.
<images/elbow01-reduced.png, id=19, 566.115pt x 501.37312pt>
File: images/elbow01-reduced.png Graphic file (type png)
<use images/elbow01-reduced.png>
Package pdftex.def Info: images/elbow01-reduced.png  used on input line 134. on
 input line 134.
Package pdftex.def Info: Requested size: 373.63705pt x 330.90727pt on input lin
e 134.
<images/elbownolimit.png, id=20, 673.01437pt x 494.59781pt>
File: images/elbownolimit.png Graphic file (type png)
<use images/elbownolimit.png>
Package pdftex.def Info: images/elbownolimit.png  used on input line 136. on in
put line 136.
Package pdftex.def Info: Requested size: 444.19086pt x 326.43555pt on input lin
e 136.
<images/elbownolimit-reduced.png, id=21, 562.35094pt x 511.15968pt>
File: images/elbownolimit-reduced.png Graphic file (type png)
<use images/elbownolimit-reduced.png>
Package pdftex.def Info: images/elbownolimit-reduced.png  used on input line 14
0. on input line 140.
Package pdftex.def Info: Requested size: 371.15277pt x 337.36642pt on input lin
e 140.


Package Fancyhdr Warning: \headheight is too small (14.5pt): 
 Make it at least 27.33401pt.
 We now make it that large for the rest of the document.
 This may cause the page layout to be inconsistent, however.

[5]

Package Fancyhdr Warning: \headheight is too small (14.5pt): 
 Make it at least 27.33401pt.
 We now make it that large for the rest of the document.
 This may cause the page layout to be inconsistent, however.

[6 <./images/elbow01.png>]

Package Fancyhdr Warning: \headheight is too small (14.5pt): 
 Make it at least 27.33401pt.
 We now make it that large for the rest of the document.
 This may cause the page layout to be inconsistent, however.

[7 <./images/elbow01-reduced.png> <./images/elbownolimit.png>]

Package Fancyhdr Warning: \headheight is too small (14.5pt): 
 Make it at least 27.33401pt.
 We now make it that large for the rest of the document.
 This may cause the page layout to be inconsistent, however.

[8 <./images/elbownolimit-reduced.png>]
Overfull \hbox (10.01318pt too wide) in paragraph at lines 151--159
\T1/iwonalc/m/n/12 local python code for min-hash-ing: https://github.com/chris
jmccormick/MinHash/blob/master/runMinHashExample.py 
 []

<images/compare1.png, id=35, 599.23875pt x 906.38625pt>
File: images/compare1.png Graphic file (type png)
<use images/compare1.png>
Package pdftex.def Info: images/compare1.png  used on input line 172. on input 
line 172.
Package pdftex.def Info: Requested size: 239.69125pt x 362.54808pt on input lin
e 172.
<images/compare2.png, id=36, 594.72188pt x 626.34pt>
File: images/compare2.png Graphic file (type png)
<use images/compare2.png>
Package pdftex.def Info: images/compare2.png  used on input line 174. on input 
line 174.
Package pdftex.def Info: Requested size: 237.88454pt x 250.53156pt on input lin
e 174.

Package Fancyhdr Warning: \headheight is too small (14.5pt): 
 Make it at least 27.33401pt.
 We now make it that large for the rest of the document.
 This may cause the page layout to be inconsistent, however.

[9]

Package Fancyhdr Warning: \headheight is too small (14.5pt): 
 Make it at least 27.33401pt.
 We now make it that large for the rest of the document.
 This may cause the page layout to be inconsistent, however.

[10 <./images/compare1.png> <./images/compare2.png>]

Package Fancyhdr Warning: \headheight is too small (14.5pt): 
 Make it at least 27.33401pt.
 We now make it that large for the rest of the document.
 This may cause the page layout to be inconsistent, however.

[11]

Package Fancyhdr Warning: \headheight is too small (14.5pt): 
 Make it at least 27.33401pt.
 We now make it that large for the rest of the document.
 This may cause the page layout to be inconsistent, however.

[12]

Package Fancyhdr Warning: \headheight is too small (14.5pt): 
 Make it at least 27.33401pt.
 We now make it that large for the rest of the document.
 This may cause the page layout to be inconsistent, however.

[13] (HW1b.aux) ) 
Here is how much of TeX's memory you used:
 10706 strings out of 493318
 145336 string characters out of 3138998
 268370 words of memory out of 3000000
 13991 multiletter control sequences out of 15000+200000
 41650 words of font info for 59 fonts, out of 3000000 for 9000
 1141 hyphenation exceptions out of 8191
 38i,11n,43p,3326b,227s stack positions out of 5000i,500n,10000p,200000b,50000s
{C:/Program Files/MiKTeX 2.9/fonts/enc/dvips/iwona/ec-iwona.en
c}{C:/Program Files/MiKTeX 2.9/fonts/enc/dvips/iwona/ec-iwona-sc.enc}<C:/Progra
m Files/MiKTeX 2.9/fonts/type1/nowacki/iwona/iwonacl.pfb><C:/Program Files/MiKT
eX 2.9/fonts/type1/nowacki/iwona/iwonacli.pfb><C:/Program Files/MiKTeX 2.9/font
s/type1/nowacki/iwona/iwonacm.pfb>
Output written on HW1b.pdf (13 pages, 447421 bytes).
PDF statistics:
 67 PDF objects out of 1000 (max. 8388607)
 0 named destinations out of 1000 (max. 500000)
 31 words of extra memory for PDF output out of 10000 (max. 10000000)

